<?xml version="1.0" encoding="UTF-8"?>
<testsuite xmlns:xsi="http://www.w3.org/2001/XMLSchema-instance" xsi:noNamespaceSchemaLocation="https://maven.apache.org/surefire/maven-surefire-plugin/xsd/surefire-test-report.xsd" version="3.0.2" name="com.example.api_course.ContentServiceTests" time="0.187" tests="2" errors="0" skipped="0" failures="0">
  <properties>
[...]
</properties>
  <testcase name="probarGetAllContents" classname="com.example.api_course.ContentServiceTests" time="0.128">
    <system-out><![CDATA[2025-06-29T22:50:18.390-04:00  INFO 11788 --- [api_course] [           main] t.c.s.AnnotationConfigContextLoaderUtils : Could not detect default configuration classes for test class [com.example.api_course.ContentServiceTests]: ContentServiceTests does not declare any static, non-private, non-final, nested classes annotated with @Configuration.
2025-06-29T22:50:18.392-04:00  INFO 11788 --- [api_course] [           main] .b.t.c.SpringBootTestContextBootstrapper : Found @SpringBootConfiguration com.example.api_course.ApiCourseApplication for test class com.example.api_course.ContentServiceTests
Hibernate: 
    select
        c1_0.id,
        c1_0.curso_id,
        c1_0.description,
        c1_0.last_updated,
        c1_0.title,
        c1_0.url_video 
    from
        content c1_0
Hibernate: 
    select
        c1_0.id,
        c1_0.category,
        c1_0.description,
        c1_0.level,
        c1_0.name 
    from
        course c1_0 
    where
        c1_0.id=?
Hibernate: 
    select
        c1_0.id,
        c1_0.category,
        c1_0.description,
        c1_0.level,
        c1_0.name 
    from
        course c1_0 
    where
        c1_0.id=?
]]></system-out>
  </testcase>
  <testcase name="probarInsertarYListarContenido" classname="com.example.api_course.ContentServiceTests" time="0.052">
    <system-out><![CDATA[Hibernate: 
    insert 
    into
        course
        (category, description, level, name) 
    values
        (?, ?, ?, ?)
Hibernate: 
    select
        c1_0.id,
        c1_0.category,
        c1_0.description,
        c1_0.level,
        c1_0.name 
    from
        course c1_0 
    where
        c1_0.id=?
Hibernate: 
    insert 
    into
        content
        (curso_id, description, last_updated, title, url_video) 
    values
        (?, ?, ?, ?, ?)
Hibernate: 
    select
        c1_0.id,
        c1_0.curso_id,
        c1_0.description,
        c1_0.last_updated,
        c1_0.title,
        c1_0.url_video 
    from
        content c1_0
Hibernate: 
    select
        c1_0.id,
        c1_0.category,
        c1_0.description,
        c1_0.level,
        c1_0.name 
    from
        course c1_0 
    where
        c1_0.id=?
Hibernate: 
    select
        c1_0.id,
        c1_0.category,
        c1_0.description,
        c1_0.level,
        c1_0.name 
    from
        course c1_0 
    where
        c1_0.id=?
Hibernate: 
    select
        c1_0.id,
        c1_0.category,
        c1_0.description,
        c1_0.level,
        c1_0.name 
    from
        course c1_0 
    where
        c1_0.id=?
]]></system-out>
  </testcase>
</testsuite>